<?xml version="1.0" encoding="UTF-8" ?>
<testsuite failures="0" time="52.613" errors="0" skipped="0" tests="1" name="com.cloudphysics.test.HBridgeSpec">
  <properties>
    <property name="java.runtime.name" value="Java(TM) SE Runtime Environment"/>
    <property name="sun.boot.library.path" value="/System/Library/Java/JavaVirtualMachines/1.6.0.jdk/Contents/Libraries"/>
    <property name="java.vm.version" value="20.8-b03-424"/>
    <property name="awt.nativeDoubleBuffering" value="true"/>
    <property name="gopherProxySet" value="false"/>
    <property name="mrj.build" value="11M3720"/>
    <property name="java.vm.vendor" value="Apple Inc."/>
    <property name="java.vendor.url" value="http://www.apple.com/"/>
    <property name="path.separator" value=":"/>
    <property name="java.vm.name" value="Java HotSpot(TM) 64-Bit Server VM"/>
    <property name="file.encoding.pkg" value="sun.io"/>
    <property name="user.country" value="US"/>
    <property name="sun.java.launcher" value="SUN_STANDARD"/>
    <property name="sun.os.patch.level" value="unknown"/>
    <property name="test.cache.data" value="/Users/sindhuc/projects/hbridge/target/test-data/a919be43-9a12-4fee-ac9d-91062ea8c64c"/>
    <property name="java.vm.specification.name" value="Java Virtual Machine Specification"/>
    <property name="user.dir" value="/Users/sindhuc/projects/hbridge"/>
    <property name="java.runtime.version" value="1.6.0_33-b03-424-11M3720"/>
    <property name="java.awt.graphicsenv" value="apple.awt.CGraphicsEnvironment"/>
    <property name="basedir" value="/Users/sindhuc/projects/hbridge"/>
    <property name="java.endorsed.dirs" value="/System/Library/Java/JavaVirtualMachines/1.6.0.jdk/Contents/Home/lib/endorsed"/>
    <property name="os.arch" value="x86_64"/>
    <property name="java.io.tmpdir" value="/var/folders/7t/z3jvphfn26dfvxs1h39q418r0000gn/T/"/>
    <property name="line.separator" value="
"/>
    <property name="java.vm.specification.vendor" value="Sun Microsystems Inc."/>
    <property name="os.name" value="Mac OS X"/>
    <property name="sun.jnu.encoding" value="MacRoman"/>
    <property name="java.library.path" value="/Users/sindhuc/node_stuff/protobuf-for-node/build/default::.:/Users/sindhuc/Library/Java/Extensions:/Library/Java/Extensions:/System/Library/Java/Extensions:/usr/lib/java"/>
    <property name="surefire.test.class.path" value="/Users/sindhuc/projects/hbridge/target/test-classes:/Users/sindhuc/projects/hbridge/target/classes:/Users/sindhuc/.m2/repository/org/scala-lang/scala-library/2.9.2/scala-library-2.9.2.jar:/Users/sindhuc/.m2/repository/com/typesafe/akka/akka-actor/2.0-RC2/akka-actor-2.0-RC2.jar:/Users/sindhuc/.m2/repository/com/typesafe/akka/akka-remote/2.0-RC2/akka-remote-2.0-RC2.jar:/Users/sindhuc/.m2/repository/io/netty/netty/3.3.0.Final/netty-3.3.0.Final.jar:/Users/sindhuc/.m2/repository/com/google/protobuf/protobuf-java/2.4.1/protobuf-java-2.4.1.jar:/Users/sindhuc/.m2/repository/net/debasishg/sjson_2.9.1/0.15/sjson_2.9.1-0.15.jar:/Users/sindhuc/.m2/repository/net/databinder/dispatch-json_2.9.1/0.8.5/dispatch-json_2.9.1-0.8.5.jar:/Users/sindhuc/.m2/repository/org/apache/httpcomponents/httpclient/4.1/httpclient-4.1.jar:/Users/sindhuc/.m2/repository/org/apache/httpcomponents/httpcore/4.1/httpcore-4.1.jar:/Users/sindhuc/.m2/repository/org/objenesis/objenesis/1.2/objenesis-1.2.jar:/Users/sindhuc/.m2/repository/commons-io/commons-io/1.4/commons-io-1.4.jar:/Users/sindhuc/.m2/repository/voldemort/store/compress/h2-lzf/1.0/h2-lzf-1.0.jar:/Users/sindhuc/.m2/repository/com/typesafe/akka/akka-kernel/2.0-RC2/akka-kernel-2.0-RC2.jar:/Users/sindhuc/.m2/repository/org/apache/hadoop/hadoop-core/0.20.2/hadoop-core-0.20.2.jar:/Users/sindhuc/.m2/repository/commons-cli/commons-cli/1.2/commons-cli-1.2.jar:/Users/sindhuc/.m2/repository/xmlenc/xmlenc/0.52/xmlenc-0.52.jar:/Users/sindhuc/.m2/repository/commons-httpclient/commons-httpclient/3.0.1/commons-httpclient-3.0.1.jar:/Users/sindhuc/.m2/repository/commons-codec/commons-codec/1.3/commons-codec-1.3.jar:/Users/sindhuc/.m2/repository/commons-net/commons-net/1.4.1/commons-net-1.4.1.jar:/Users/sindhuc/.m2/repository/org/mortbay/jetty/jetty/6.1.14/jetty-6.1.14.jar:/Users/sindhuc/.m2/repository/org/mortbay/jetty/jetty-util/6.1.14/jetty-util-6.1.14.jar:/Users/sindhuc/.m2/repository/tomcat/jasper-runtime/5.5.12/jasper-runtime-5.5.12.jar:/Users/sindhuc/.m2/repository/tomcat/jasper-compiler/5.5.12/jasper-compiler-5.5.12.jar:/Users/sindhuc/.m2/repository/org/mortbay/jetty/jsp-api-2.1/6.1.14/jsp-api-2.1-6.1.14.jar:/Users/sindhuc/.m2/repository/org/mortbay/jetty/jsp-2.1/6.1.14/jsp-2.1-6.1.14.jar:/Users/sindhuc/.m2/repository/ant/ant/1.6.5/ant-1.6.5.jar:/Users/sindhuc/.m2/repository/commons-el/commons-el/1.0/commons-el-1.0.jar:/Users/sindhuc/.m2/repository/net/java/dev/jets3t/jets3t/0.7.1/jets3t-0.7.1.jar:/Users/sindhuc/.m2/repository/org/mortbay/jetty/servlet-api-2.5/6.1.14/servlet-api-2.5-6.1.14.jar:/Users/sindhuc/.m2/repository/net/sf/kosmosfs/kfs/0.3/kfs-0.3.jar:/Users/sindhuc/.m2/repository/hsqldb/hsqldb/1.8.0.10/hsqldb-1.8.0.10.jar:/Users/sindhuc/.m2/repository/oro/oro/2.0.8/oro-2.0.8.jar:/Users/sindhuc/.m2/repository/org/eclipse/jdt/core/3.1.1/core-3.1.1.jar:/Users/sindhuc/.m2/repository/org/apache/hadoop/hadoop-test/0.20.2/hadoop-test-0.20.2.jar:/Users/sindhuc/.m2/repository/org/apache/ftpserver/ftplet-api/1.0.0/ftplet-api-1.0.0.jar:/Users/sindhuc/.m2/repository/org/apache/mina/mina-core/2.0.0-M5/mina-core-2.0.0-M5.jar:/Users/sindhuc/.m2/repository/org/apache/ftpserver/ftpserver-core/1.0.0/ftpserver-core-1.0.0.jar:/Users/sindhuc/.m2/repository/org/apache/ftpserver/ftpserver-deprecated/1.0.0-M2/ftpserver-deprecated-1.0.0-M2.jar:/Users/sindhuc/.m2/repository/org/apache/hbase/hbase/0.90.5/hbase-0.90.5.jar:/Users/sindhuc/.m2/repository/com/google/guava/guava/r06/guava-r06.jar:/Users/sindhuc/.m2/repository/commons-lang/commons-lang/2.5/commons-lang-2.5.jar:/Users/sindhuc/.m2/repository/commons-logging/commons-logging/1.1.1/commons-logging-1.1.1.jar:/Users/sindhuc/.m2/repository/log4j/log4j/1.2.16/log4j-1.2.16.jar:/Users/sindhuc/.m2/repository/org/apache/hadoop/avro/1.3.3/avro-1.3.3.jar:/Users/sindhuc/.m2/repository/org/apache/zookeeper/zookeeper/3.3.2/zookeeper-3.3.2.jar:/Users/sindhuc/.m2/repository/org/apache/thrift/thrift/0.2.0/thrift-0.2.0.jar:/Users/sindhuc/.m2/repository/org/jruby/jruby-complete/1.6.0/jruby-complete-1.6.0.jar:/Users/sindhuc/.m2/repository/org/slf4j/slf4j-api/1.5.8/slf4j-api-1.5.8.jar:/Users/sindhuc/.m2/repository/org/slf4j/slf4j-log4j12/1.5.8/slf4j-log4j12-1.5.8.jar:/Users/sindhuc/.m2/repository/com/sun/jersey/jersey-core/1.4/jersey-core-1.4.jar:/Users/sindhuc/.m2/repository/com/sun/jersey/jersey-json/1.4/jersey-json-1.4.jar:/Users/sindhuc/.m2/repository/org/codehaus/jettison/jettison/1.1/jettison-1.1.jar:/Users/sindhuc/.m2/repository/com/sun/xml/bind/jaxb-impl/2.1.12/jaxb-impl-2.1.12.jar:/Users/sindhuc/.m2/repository/org/codehaus/jackson/jackson-jaxrs/1.5.5/jackson-jaxrs-1.5.5.jar:/Users/sindhuc/.m2/repository/org/codehaus/jackson/jackson-xc/1.5.5/jackson-xc-1.5.5.jar:/Users/sindhuc/.m2/repository/com/sun/jersey/jersey-server/1.4/jersey-server-1.4.jar:/Users/sindhuc/.m2/repository/asm/asm/3.1/asm-3.1.jar:/Users/sindhuc/.m2/repository/javax/ws/rs/jsr311-api/1.1.1/jsr311-api-1.1.1.jar:/Users/sindhuc/.m2/repository/javax/xml/bind/jaxb-api/2.1/jaxb-api-2.1.jar:/Users/sindhuc/.m2/repository/javax/activation/activation/1.1/activation-1.1.jar:/Users/sindhuc/.m2/repository/stax/stax-api/1.0.1/stax-api-1.0.1.jar:/Users/sindhuc/.m2/repository/org/apache/hbase/hbase/0.90.5/hbase-0.90.5-tests.jar:/Users/sindhuc/.m2/repository/org/scala-tools/testing/specs_2.9.1/1.6.9/specs_2.9.1-1.6.9.jar:/Users/sindhuc/.m2/repository/org/scala-lang/scala-compiler/2.9.1/scala-compiler-2.9.1.jar:/Users/sindhuc/.m2/repository/junit/junit/4.10/junit-4.10.jar:/Users/sindhuc/.m2/repository/org/hamcrest/hamcrest-core/1.1/hamcrest-core-1.1.jar:/Users/sindhuc/.m2/repository/org/yaml/snakeyaml/1.8/snakeyaml-1.8.jar:/Users/sindhuc/.m2/repository/org/clapper/grizzled-slf4j_2.9.2/0.6.9/grizzled-slf4j_2.9.2-0.6.9.jar:/Users/sindhuc/.m2/repository/net/liftweb/lift-json_2.9.1/2.4/lift-json_2.9.1-2.4.jar:/Users/sindhuc/.m2/repository/com/thoughtworks/paranamer/paranamer/2.3/paranamer-2.3.jar:/Users/sindhuc/.m2/repository/org/scala-lang/scalap/2.9.1/scalap-2.9.1.jar:/Users/sindhuc/.m2/repository/com/github/scala-incubator/io/scala-io-core_2.9.1/0.3.0/scala-io-core_2.9.1-0.3.0.jar:/Users/sindhuc/.m2/repository/com/github/jsuereth/scala-arm/scala-arm_2.9.1/1.1/scala-arm_2.9.1-1.1.jar:/Users/sindhuc/.m2/repository/com/github/scala-incubator/io/scala-io-file_2.9.1/0.3.0/scala-io-file_2.9.1-0.3.0.jar:/Users/sindhuc/.m2/repository/joda-time/joda-time/2.0/joda-time-2.0.jar:/Users/sindhuc/.m2/repository/org/joda/joda-convert/1.1/joda-convert-1.1.jar:/Users/sindhuc/.m2/repository/com/codahale/jerkson_2.9.1/0.5.1-SNAPSHOT/jerkson_2.9.1-0.5.1-SNAPSHOT.jar:/Users/sindhuc/.m2/repository/org/codehaus/jackson/jackson-core-asl/1.9.7/jackson-core-asl-1.9.7.jar:/Users/sindhuc/.m2/repository/org/codehaus/jackson/jackson-mapper-asl/1.9.7/jackson-mapper-asl-1.9.7.jar:"/>
    <property name="test.build.data" value="/Users/sindhuc/projects/hbridge/target/test-data/a919be43-9a12-4fee-ac9d-91062ea8c64c"/>
    <property name="java.specification.name" value="Java Platform API Specification"/>
    <property name="java.class.version" value="50.0"/>
    <property name="sun.management.compiler" value="HotSpot 64-Bit Tiered Compilers"/>
    <property name="os.version" value="10.7.4"/>
    <property name="http.nonProxyHosts" value="local|*.local|169.254/16|*.169.254/16"/>
    <property name="user.home" value="/Users/sindhuc"/>
    <property name="user.timezone" value="America/Los_Angeles"/>
    <property name="java.awt.printerjob" value="apple.awt.CPrinterJob"/>
    <property name="java.specification.version" value="1.6"/>
    <property name="file.encoding" value="MacRoman"/>
    <property name="user.name" value="sindhuc"/>
    <property name="java.class.path" value="/Users/sindhuc/.m2/repository/org/apache/maven/surefire/surefire-booter/2.4.3/surefire-booter-2.4.3.jar:/Users/sindhuc/.m2/repository/org/apache/maven/surefire/surefire-api/2.4.3/surefire-api-2.4.3.jar"/>
    <property name="java.vm.specification.version" value="1.0"/>
    <property name="sun.arch.data.model" value="64"/>
    <property name="java.home" value="/System/Library/Java/JavaVirtualMachines/1.6.0.jdk/Contents/Home"/>
    <property name="sun.java.command" value="org.apache.maven.surefire.booter.SurefireBooter /var/folders/7t/z3jvphfn26dfvxs1h39q418r0000gn/T/surefire3866196912199651032tmp /var/folders/7t/z3jvphfn26dfvxs1h39q418r0000gn/T/surefire6788507368836684480tmp"/>
    <property name="java.specification.vendor" value="Sun Microsystems Inc."/>
    <property name="user.language" value="en"/>
    <property name="awt.toolkit" value="apple.awt.CToolkit"/>
    <property name="java.vm.info" value="mixed mode"/>
    <property name="java.version" value="1.6.0_33"/>
    <property name="java.ext.dirs" value="/Users/sindhuc/Library/Java/Extensions:/Library/Java/Extensions:/System/Library/Java/Extensions:/System/Library/Java/JavaVirtualMachines/1.6.0.jdk/Contents/Home/lib/ext"/>
    <property name="zookeeper.preAllocSize" value="100"/>
    <property name="sun.boot.class.path" value="/System/Library/Java/JavaVirtualMachines/1.6.0.jdk/Contents/Classes/jsfd.jar:/System/Library/Java/JavaVirtualMachines/1.6.0.jdk/Contents/Classes/classes.jar:/System/Library/Frameworks/JavaVM.framework/Frameworks/JavaRuntimeSupport.framework/Resources/Java/JavaRuntimeSupport.jar:/System/Library/Java/JavaVirtualMachines/1.6.0.jdk/Contents/Classes/ui.jar:/System/Library/Java/JavaVirtualMachines/1.6.0.jdk/Contents/Classes/laf.jar:/System/Library/Java/JavaVirtualMachines/1.6.0.jdk/Contents/Classes/sunrsasign.jar:/System/Library/Java/JavaVirtualMachines/1.6.0.jdk/Contents/Classes/jsse.jar:/System/Library/Java/JavaVirtualMachines/1.6.0.jdk/Contents/Classes/jce.jar:/System/Library/Java/JavaVirtualMachines/1.6.0.jdk/Contents/Classes/charsets.jar"/>
    <property name="java.vendor" value="Apple Inc."/>
    <property name="localRepository" value="/Users/sindhuc/.m2/repository"/>
    <property name="file.separator" value="/"/>
    <property name="java.vendor.url.bug" value="http://bugreport.apple.com/"/>
    <property name="sun.cpu.endian" value="little"/>
    <property name="sun.io.unicode.encoding" value="UnicodeLittle"/>
    <property name="mrj.version" value="1070.1.6.0_33-424"/>
    <property name="socksNonProxyHosts" value="local|*.local|169.254/16|*.169.254/16"/>
    <property name="ftp.nonProxyHosts" value="local|*.local|169.254/16|*.169.254/16"/>
    <property name="sun.cpu.isalist" value=""/>
  </properties>
  <testcase time="2.888" classname="Scala HBase Operations  should perform standard Put Operation" name="Scala HBase Operations  should perform standard Put Operation"/>
</testsuite>